"../../../Engine/Content/Functions/Engine_MaterialFunctions01/Shading/PowerToRoughness.uasset" 0
"../../../Engine/Content/Functions/Engine_MaterialFunctions01/Shading/PowerToRoughness.uexp" 1
"../../../Engine/Content/Functions/Engine_MaterialFunctions01/Shading/ConvertFromDiffSpec.uasset" 2
"../../../Engine/Content/Functions/Engine_MaterialFunctions01/Shading/ConvertFromDiffSpec.uexp" 3
"../../../Engine/Content/EngineSounds/Master.uasset" 4
"../../../Engine/Content/EngineSounds/Master.uexp" 5
"../../../Engine/Content/EngineSky/VolumetricClouds/CloudWeatherTexture.uasset" 6
"../../../Engine/Content/EngineSky/VolumetricClouds/CloudWeatherTexture.uexp" 7
"../../../Engine/Content/Functions/Engine_MaterialFunctions02/Utility/MakeFloat2.uasset" 8
"../../../Engine/Content/Functions/Engine_MaterialFunctions02/Utility/MakeFloat2.uexp" 9
"../../../Engine/Content/EngineSky/VolumetricClouds/CloudGradientTexture.uasset" 10
"../../../Engine/Content/EngineSky/VolumetricClouds/CloudGradientTexture.uexp" 11
"../../../Engine/Content/EngineSky/VolumetricClouds/T_NoiseShape64.ubulk" 12
"../../../Engine/Content/EngineSky/VolumetricClouds/T_NoiseShape64.uasset" 13
"../../../Engine/Content/EngineSky/VolumetricClouds/T_NoiseShape64.uexp" 14
"../../../Engine/Content/EngineSky/VolumetricClouds/T_VolumeNoiseShape64.uasset" 15
"../../../Engine/Content/EngineSky/VolumetricClouds/T_VolumeNoiseShape64.uexp" 16
"../../../Engine/Content/EngineSky/VolumetricClouds/T_NoiseErosion.ubulk" 17
"../../../Engine/Content/EngineSky/VolumetricClouds/T_NoiseErosion.uasset" 18
"../../../Engine/Content/EngineSky/VolumetricClouds/T_NoiseErosion.uexp" 19
"../../../Engine/Content/EngineSky/VolumetricClouds/T_VolumeNoiseErosion32.uasset" 20
"../../../Engine/Content/EngineSky/VolumetricClouds/T_VolumeNoiseErosion32.uexp" 21
"../../../Engine/Content/EngineSky/VolumetricClouds/m_SimpleVolumetricCloud.uasset" 22
"../../../Engine/Content/EngineSky/VolumetricClouds/m_SimpleVolumetricCloud.uexp" 23
"../../../Engine/Content/EngineSky/VolumetricClouds/m_SimpleVolumetricCloud_Inst.uasset" 24
"../../../Engine/Content/EngineSky/VolumetricClouds/m_SimpleVolumetricCloud_Inst.uexp" 25
"../../../Engine/Content/EngineResources/GradientTexture0.uasset" 26
"../../../Engine/Content/EngineResources/GradientTexture0.uexp" 27
"../../../Engine/Content/EngineResources/DefaultVolumeTexture2D.uasset" 28
"../../../Engine/Content/EngineResources/DefaultVolumeTexture2D.uexp" 29
"../../../Engine/Content/EngineResources/DefaultVolumeTexture.uasset" 30
"../../../Engine/Content/EngineResources/DefaultVolumeTexture.uexp" 31
"../../../Engine/Content/EngineResources/DefaultTextureCube.uasset" 32
"../../../Engine/Content/EngineResources/DefaultTextureCube.uexp" 33
"../../../Engine/Content/EngineResources/DefaultTexture.ubulk" 34
"../../../Engine/Content/EngineResources/DefaultTexture.uasset" 35
"../../../Engine/Content/EngineResources/DefaultTexture.uexp" 36
"../../../Engine/Content/EngineResources/Black.uasset" 37
"../../../Engine/Content/EngineResources/Black.uexp" 38
"../../../Engine/Content/EngineResources/FilmGrains/Marcie_Grain_v3_128_M2_000.uasset" 39
"../../../Engine/Content/EngineResources/FilmGrains/Marcie_Grain_v3_128_M2_000.uexp" 40
"../../../Engine/Content/EngineMeshes/Sphere.uasset" 41
"../../../Engine/Content/EngineMeshes/Sphere.uexp" 42
"../../../Engine/Content/EngineResources/WhiteSquareTexture.uasset" 43
"../../../Engine/Content/EngineResources/WhiteSquareTexture.uexp" 44
"../../../Engine/Content/EngineMaterials/Widget3DPassThrough.uasset" 45
"../../../Engine/Content/EngineMaterials/Widget3DPassThrough.uexp" 46
"../../../Engine/Content/EngineMaterials/Widget3DPassThrough_Translucent.uasset" 47
"../../../Engine/Content/EngineMaterials/Widget3DPassThrough_Translucent.uexp" 48
"../../../Engine/Content/EngineMaterials/Widget3DPassThrough_Translucent_OneSided.uasset" 49
"../../../Engine/Content/EngineMaterials/Widget3DPassThrough_Translucent_OneSided.uexp" 50
"../../../Engine/Content/EngineMaterials/Widget3DPassThrough_Opaque.uasset" 51
"../../../Engine/Content/EngineMaterials/Widget3DPassThrough_Opaque.uexp" 52
"../../../Engine/Content/EngineMaterials/Widget3DPassThrough_Opaque_OneSided.uasset" 53
"../../../Engine/Content/EngineMaterials/Widget3DPassThrough_Opaque_OneSided.uexp" 54
"../../../Engine/Content/EngineMaterials/Widget3DPassThrough_Masked_OneSided.uasset" 55
"../../../Engine/Content/EngineMaterials/Widget3DPassThrough_Masked_OneSided.uexp" 56
"../../../Engine/Content/EngineMaterials/Widget3DPassThrough_Masked.uasset" 57
"../../../Engine/Content/EngineMaterials/Widget3DPassThrough_Masked.uexp" 58
"../../../Engine/Content/EngineMaterials/WeightMapPlaceholderTexture.uasset" 59
"../../../Engine/Content/EngineMaterials/WeightMapPlaceholderTexture.uexp" 60
"../../../Engine/Content/EngineMaterials/RemoveSurfaceMaterial.uasset" 61
"../../../Engine/Content/EngineMaterials/RemoveSurfaceMaterial.uexp" 62
"../../../Engine/Content/EngineMaterials/PreintegratedSkinBRDF.uasset" 63
"../../../Engine/Content/EngineMaterials/PreintegratedSkinBRDF.uexp" 64
"../../../Engine/Content/EngineMaterials/DefaultCalibrationGrayscale.uasset" 65
"../../../Engine/Content/EngineMaterials/DefaultCalibrationGrayscale.uexp" 66
"../../../Engine/Content/EngineMaterials/PPM_DefaultCalibrationGrayscale.uasset" 67
"../../../Engine/Content/EngineMaterials/PPM_DefaultCalibrationGrayscale.uexp" 68
"../../../Engine/Content/EngineMaterials/DefaultCalibrationColor.uasset" 69
"../../../Engine/Content/EngineMaterials/DefaultCalibrationColor.uexp" 70
"../../../Engine/Content/EngineMaterials/PPM_DefaultCalibrationColor.uasset" 71
"../../../Engine/Content/EngineMaterials/PPM_DefaultCalibrationColor.uexp" 72
"../../../Engine/Content/Functions/Engine_MaterialFunctions02/WorldPositionOffset/CameraOffset.uasset" 73
"../../../Engine/Content/Functions/Engine_MaterialFunctions02/WorldPositionOffset/CameraOffset.uexp" 74
"../../../Engine/Content/EngineMaterials/PhAT_JointLimitMaterial.uasset" 75
"../../../Engine/Content/EngineMaterials/PhAT_JointLimitMaterial.uexp" 76
"../../../Engine/Content/EngineMaterials/InvalidLightmapSettings.ubulk" 77
"../../../Engine/Content/EngineMaterials/InvalidLightmapSettings.uasset" 78
"../../../Engine/Content/EngineMaterials/InvalidLightmapSettings.uexp" 79
"../../../Engine/Content/EngineMaterials/M_InvalidLightmapSettings.uasset" 80
"../../../Engine/Content/EngineMaterials/M_InvalidLightmapSettings.uexp" 81
"../../../Engine/Content/EngineMaterials/MiniFont.uasset" 82
"../../../Engine/Content/EngineMaterials/MiniFont.uexp" 83
"../../../Engine/Content/EngineMaterials/Good64x64TilingNoiseHighFreq.uasset" 84
"../../../Engine/Content/EngineMaterials/Good64x64TilingNoiseHighFreq.uexp" 85
"../../../Engine/Content/EngineMaterials/GizmoMaterial.uasset" 86
"../../../Engine/Content/EngineMaterials/GizmoMaterial.uexp" 87
"../../../Engine/Content/EngineMaterials/BaseFlattenEmissiveMap_VT.uasset" 88
"../../../Engine/Content/EngineMaterials/BaseFlattenEmissiveMap_VT.uexp" 89
"../../../Engine/Content/EngineMaterials/BaseFlattenGrayscaleMap_VT.uasset" 90
"../../../Engine/Content/EngineMaterials/BaseFlattenGrayscaleMap_VT.uexp" 91
"../../../Engine/Content/EngineMaterials/BaseFlattenLinearColor_VT.uasset" 92
"../../../Engine/Content/EngineMaterials/BaseFlattenLinearColor_VT.uexp" 93
"../../../Engine/Content/EngineMaterials/Black_1x1_EXR_Texture_VT.uasset" 94
"../../../Engine/Content/EngineMaterials/Black_1x1_EXR_Texture_VT.uexp" 95
"../../../Engine/Content/EngineMaterials/BaseFlattenDiffuseMap_VT.uasset" 96
"../../../Engine/Content/EngineMaterials/BaseFlattenDiffuseMap_VT.uexp" 97
"../../../Engine/Content/EngineMaterials/BaseFlattenNormalMap_VT.uasset" 98
"../../../Engine/Content/EngineMaterials/BaseFlattenNormalMap_VT.uexp" 99
"../../../Engine/Content/EngineMaterials/FlattenMaterial_WS_Normal_VT.uasset" 100
"../../../Engine/Content/EngineMaterials/FlattenMaterial_WS_Normal_VT.uexp" 101
"../../../Engine/Content/EngineMaterials/FlattenMaterial_VT.uasset" 102
"../../../Engine/Content/EngineMaterials/FlattenMaterial_VT.uexp" 103
"../../../Engine/Content/EngineMaterials/BaseFlattenNormalMap.uasset" 104
"../../../Engine/Content/EngineMaterials/BaseFlattenNormalMap.uexp" 105
"../../../Engine/Content/EngineMaterials/BaseFlattenGrayscaleMap.uasset" 106
"../../../Engine/Content/EngineMaterials/BaseFlattenGrayscaleMap.uexp" 107
"../../../Engine/Content/EngineMaterials/BaseFlattenDiffuseMap.uasset" 108
"../../../Engine/Content/EngineMaterials/BaseFlattenDiffuseMap.uexp" 109
"../../../Engine/Content/Functions/Engine_MaterialFunctions02/PivotPainter2/Black_1x1_EXR_Texture.uasset" 110
"../../../Engine/Content/Functions/Engine_MaterialFunctions02/PivotPainter2/Black_1x1_EXR_Texture.uexp" 111
"../../../Engine/Content/EngineMaterials/BaseFlattenEmissiveMap.uasset" 112
"../../../Engine/Content/EngineMaterials/BaseFlattenEmissiveMap.uexp" 113
"../../../Engine/Content/EngineMaterials/BaseFlattenLinearColor.uasset" 114
"../../../Engine/Content/EngineMaterials/BaseFlattenLinearColor.uexp" 115
"../../../Engine/Content/EngineMaterials/FlattenMaterial.uasset" 116
"../../../Engine/Content/EngineMaterials/FlattenMaterial.uexp" 117
"../../../Engine/Content/EngineMaterials/DefaultWhiteGrid_Low.uasset" 118
"../../../Engine/Content/EngineMaterials/DefaultWhiteGrid_Low.uexp" 119
"../../../Engine/Content/EngineMaterials/EmissiveMeshMaterial.uasset" 120
"../../../Engine/Content/EngineMaterials/EmissiveMeshMaterial.uexp" 121
"../../../Engine/Content/EngineMaterials/DefaultWhiteGrid.ubulk" 122
"../../../Engine/Content/EngineMaterials/DefaultWhiteGrid.uasset" 123
"../../../Engine/Content/EngineMaterials/DefaultWhiteGrid.uexp" 124
"../../../Engine/Content/EngineFonts/RobotoDistanceField.uasset" 125
"../../../Engine/Content/EngineFonts/RobotoDistanceField.uexp" 126
"../../../Engine/Content/EngineMaterials/DefaultTextMaterialOpaque.uasset" 127
"../../../Engine/Content/EngineMaterials/DefaultTextMaterialOpaque.uexp" 128
"../../../Engine/Content/EngineMaterials/DefaultDiffuse.ubulk" 129
"../../../Engine/Content/EngineMaterials/DefaultDiffuse.uasset" 130
"../../../Engine/Content/EngineMaterials/DefaultDiffuse.uexp" 131
"../../../Engine/Content/Functions/Engine_MaterialFunctions02/Utility/BreakOutFloat2Components.uasset" 132
"../../../Engine/Content/Functions/Engine_MaterialFunctions02/Utility/BreakOutFloat2Components.uexp" 133
"../../../Engine/Content/EngineMaterials/DefaultPostProcessMaterial.uasset" 134
"../../../Engine/Content/EngineMaterials/DefaultPostProcessMaterial.uexp" 135
"../../../Engine/Content/EngineMaterials/DefaultPhysicalMaterial.uasset" 136
"../../../Engine/Content/EngineMaterials/DefaultPhysicalMaterial.uexp" 137
"../../../Engine/Content/EngineMaterials/DefaultLightFunctionMaterial.uasset" 138
"../../../Engine/Content/EngineMaterials/DefaultLightFunctionMaterial.uexp" 139
"../../../Engine/Content/EngineMaterials/DefaultDestructiblePhysicalMaterial.uasset" 140
"../../../Engine/Content/EngineMaterials/DefaultDestructiblePhysicalMaterial.uexp" 141
"../../../Engine/Content/EngineMaterials/DefaultDeferredDecalMaterial.uasset" 142
"../../../Engine/Content/EngineMaterials/DefaultDeferredDecalMaterial.uexp" 143
"../../../Engine/Content/EngineMaterials/DefaultBokeh.uasset" 144
"../../../Engine/Content/EngineMaterials/DefaultBokeh.uexp" 145
"../../../Engine/Content/EngineMaterials/DefaultBloomKernel.uasset" 146
"../../../Engine/Content/EngineMaterials/DefaultBloomKernel.uexp" 147
"../../../Engine/Content/EngineMaterials/BlueNoise.uasset" 148
"../../../Engine/Content/EngineMaterials/BlueNoise.uexp" 149
"../../../Engine/Content/EngineFonts/Faces/RobotoLight.uexp" 150
"../../../Engine/Content/EngineFonts/Faces/RobotoLight.uasset" 151
"../../../Engine/Content/EngineFonts/Faces/RobotoLight.ufont" 152
"../../../Engine/Content/EngineFonts/Faces/RobotoBold.uexp" 153
"../../../Engine/Content/EngineFonts/Faces/RobotoBold.uasset" 154
"../../../Engine/Content/EngineFonts/Faces/RobotoBold.ufont" 155
"../../../Engine/Content/EngineFonts/Faces/RobotoRegular.uexp" 156
"../../../Engine/Content/EngineFonts/Faces/RobotoRegular.uasset" 157
"../../../Engine/Content/EngineFonts/Faces/RobotoRegular.ufont" 158
"../../../Engine/Content/EngineFonts/Faces/DroidSansFallback.uexp" 159
"../../../Engine/Content/EngineFonts/Faces/DroidSansFallback.uasset" 160
"../../../Engine/Content/EngineFonts/Faces/DroidSansFallback.ufont" 161
"../../../Engine/Content/EngineFonts/Faces/RobotoItalic.uexp" 162
"../../../Engine/Content/EngineFonts/Faces/RobotoItalic.uasset" 163
"../../../Engine/Content/EngineFonts/Faces/RobotoItalic.ufont" 164
"../../../Engine/Content/EngineFonts/Faces/RobotoBoldItalic.uexp" 165
"../../../Engine/Content/EngineFonts/Faces/RobotoBoldItalic.uasset" 166
"../../../Engine/Content/EngineFonts/Faces/RobotoBoldItalic.ufont" 167
"../../../Engine/Content/EngineFonts/Roboto.uasset" 168
"../../../Engine/Content/EngineFonts/Roboto.uexp" 169
"../../../Engine/Content/Functions/Engine_MaterialFunctions02/Utility/CameraDirectionVector.uasset" 170
"../../../Engine/Content/Functions/Engine_MaterialFunctions02/Utility/CameraDirectionVector.uexp" 171
"../../../Engine/Content/EngineDebugMaterials/VolumeToRender.uasset" 172
"../../../Engine/Content/EngineDebugMaterials/VolumeToRender.uexp" 173
"../../../Engine/Content/EngineDebugMaterials/M_VolumeRenderSphereTracePP.uasset" 174
"../../../Engine/Content/EngineDebugMaterials/M_VolumeRenderSphereTracePP.uexp" 175
"../../../Engine/Content/EngineDebugMaterials/M_SimpleUnlitTranslucent.uasset" 176
"../../../Engine/Content/EngineDebugMaterials/M_SimpleUnlitTranslucent.uexp" 177
"../../../Engine/Content/EngineDebugMaterials/DebugMeshMaterial.uasset" 178
"../../../Engine/Content/EngineDebugMaterials/DebugMeshMaterial.uexp" 179
"../../../Engine/Content/EngineDebugMaterials/DebugEditorMaterial.uasset" 180
"../../../Engine/Content/EngineDebugMaterials/DebugEditorMaterial.uexp" 181
"../../../Engine/Content/EngineDamageTypes/DmgTypeBP_Environmental.uasset" 182
"../../../Engine/Content/EngineDamageTypes/DmgTypeBP_Environmental.uexp" 183
"../../../Engine/Content/EditorResources/S_TriggerSphere.uasset" 184
"../../../Engine/Content/EditorResources/S_TriggerSphere.uexp" 185
"../../../Engine/Content/EditorResources/S_TriggerCapsule.uasset" 186
"../../../Engine/Content/EditorResources/S_TriggerCapsule.uexp" 187
"../../../Engine/Content/EditorResources/S_TriggerBox.uasset" 188
"../../../Engine/Content/EditorResources/S_TriggerBox.uexp" 189
"../../../Engine/Content/EditorResources/S_Trigger.ubulk" 190
"../../../Engine/Content/EditorResources/S_Trigger.uasset" 191
"../../../Engine/Content/EditorResources/S_Trigger.uexp" 192
"../../../Engine/Content/EditorResources/S_Terrain.ubulk" 193
"../../../Engine/Content/EditorResources/S_Terrain.uasset" 194
"../../../Engine/Content/EditorResources/S_Terrain.uexp" 195
"../../../Engine/Content/EditorResources/S_Solver.ubulk" 196
"../../../Engine/Content/EditorResources/S_Solver.uasset" 197
"../../../Engine/Content/EditorResources/S_Solver.uexp" 198
"../../../Engine/Content/EditorResources/S_BoxReflectionCapture.uasset" 199
"../../../Engine/Content/EditorResources/S_BoxReflectionCapture.uexp" 200
"../../../Engine/Content/EditorResources/S_Actor.ubulk" 201
"../../../Engine/Content/EditorResources/S_Actor.uasset" 202
"../../../Engine/Content/EditorResources/S_Actor.uexp" 203
"../../../Engine/Content/EditorResources/EmptyActor.uasset" 204
"../../../Engine/Content/EditorResources/EmptyActor.uexp" 205
"../../../Engine/Content/EditorResources/BSPVertex.uasset" 206
"../../../Engine/Content/EditorResources/BSPVertex.uexp" 207
"../../../Engine/Content/EditorResources/SequenceRecorder/RecordingIndicator.uasset" 208
"../../../Engine/Content/EditorResources/SequenceRecorder/RecordingIndicator.uexp" 209
"../../../Engine/Content/EditorResources/SequenceRecorder/Countdown.uasset" 210
"../../../Engine/Content/EditorResources/SequenceRecorder/Countdown.uexp" 211
"../../../Engine/Content/EditorResources/LightIcons/S_LightError.uasset" 212
"../../../Engine/Content/EditorResources/LightIcons/S_LightError.uexp" 213
"../../../Engine/Content/EditorMaterials/Camera/CineMat.uasset" 214
"../../../Engine/Content/EditorMaterials/Camera/CineMat.uexp" 215
"../../../Engine/Content/EditorMaterials/Camera/MI_CineMat_Rig.uasset" 216
"../../../Engine/Content/EditorMaterials/Camera/MI_CineMat_Rig.uexp" 217
"../../../Engine/Content/EditorMeshes/Camera/SM_RailRig_Track.uasset" 218
"../../../Engine/Content/EditorMeshes/Camera/SM_RailRig_Track.uexp" 219
"../../../Engine/Content/EditorMeshes/Camera/SM_RailRig_Mount.uasset" 220
"../../../Engine/Content/EditorMeshes/Camera/SM_RailRig_Mount.uexp" 221
"../../../Engine/Content/EditorMeshes/Camera/SM_CraneRig_Mount.uasset" 222
"../../../Engine/Content/EditorMeshes/Camera/SM_CraneRig_Mount.uexp" 223
"../../../Engine/Content/EditorMeshes/Camera/SM_CraneRig_Body.uasset" 224
"../../../Engine/Content/EditorMeshes/Camera/SM_CraneRig_Body.uexp" 225
"../../../Engine/Content/EditorMeshes/Camera/SM_CraneRig_Base.uasset" 226
"../../../Engine/Content/EditorMeshes/Camera/SM_CraneRig_Base.uexp" 227
"../../../Engine/Content/EditorMeshes/Camera/SM_CraneRig_Arm.uasset" 228
"../../../Engine/Content/EditorMeshes/Camera/SM_CraneRig_Arm.uexp" 229
"../../../Engine/Content/EditorMaterials/PreviewShadowIndicator.ubulk" 230
"../../../Engine/Content/EditorMaterials/PreviewShadowIndicator.uasset" 231
"../../../Engine/Content/EditorMaterials/PreviewShadowIndicator.uexp" 232
"../../../Engine/Content/EditorMaterials/PreviewShadowIndicatorMaterial.uasset" 233
"../../../Engine/Content/EditorMaterials/PreviewShadowIndicatorMaterial.uexp" 234
"../../../Engine/Content/EditorMaterials/MAT_Groups_Visibility.uasset" 235
"../../../Engine/Content/EditorMaterials/MAT_Groups_Visibility.uexp" 236
"../../../Engine/Content/EditorMaterials/MAT_Groups_Toggle.uasset" 237
"../../../Engine/Content/EditorMaterials/MAT_Groups_Toggle.uexp" 238
"../../../Engine/Content/Functions/Engine_MaterialFunctions02/Utility/MakeFloat4.uasset" 239
"../../../Engine/Content/Functions/Engine_MaterialFunctions02/Utility/MakeFloat4.uexp" 240
"../../../Engine/Content/Functions/Engine_MaterialFunctions02/Utility/MakeFloat3.uasset" 241
"../../../Engine/Content/Functions/Engine_MaterialFunctions02/Utility/MakeFloat3.uexp" 242
"../../../Engine/Content/Functions/Engine_MaterialFunctions02/Utility/BreakOutFloat3Components.uasset" 243
"../../../Engine/Content/Functions/Engine_MaterialFunctions02/Utility/BreakOutFloat3Components.uexp" 244
"../../../Engine/Content/EditorMaterials/WorldPartition/WorldPartitionSpatialHashGridPreviewMaterial.uasset" 245
"../../../Engine/Content/EditorMaterials/WorldPartition/WorldPartitionSpatialHashGridPreviewMaterial.uexp" 246
"../../../Engine/Content/EditorMaterials/ParticleSystems/PSysThumbnail_OOD.ubulk" 247
"../../../Engine/Content/EditorMaterials/ParticleSystems/PSysThumbnail_OOD.uasset" 248
"../../../Engine/Content/EditorMaterials/ParticleSystems/PSysThumbnail_OOD.uexp" 249
"../../../Engine/Content/EditorMaterials/ParticleSystems/PSysThumbnail_NoImage.ubulk" 250
"../../../Engine/Content/EditorMaterials/ParticleSystems/PSysThumbnail_NoImage.uasset" 251
"../../../Engine/Content/EditorMaterials/ParticleSystems/PSysThumbnail_NoImage.uexp" 252
"../../../Engine/Content/EditorMaterials/MatineeGroups/MAT_Groups_Vector.uasset" 253
"../../../Engine/Content/EditorMaterials/MatineeGroups/MAT_Groups_Vector.uexp" 254
"../../../Engine/Content/EditorMaterials/MatineeGroups/MAT_Groups_Sound.uasset" 255
"../../../Engine/Content/EditorMaterials/MatineeGroups/MAT_Groups_Sound.uexp" 256
"../../../Engine/Content/EditorMaterials/MatineeGroups/MAT_Groups_Slomo.uasset" 257
"../../../Engine/Content/EditorMaterials/MatineeGroups/MAT_Groups_Slomo.uexp" 258
"../../../Engine/Content/EditorMaterials/MatineeGroups/MAT_Groups_Move.uasset" 259
"../../../Engine/Content/EditorMaterials/MatineeGroups/MAT_Groups_Move.uexp" 260
"../../../Engine/Content/EditorMaterials/MatineeGroups/MAT_Groups_Float.uasset" 261
"../../../Engine/Content/EditorMaterials/MatineeGroups/MAT_Groups_Float.uexp" 262
"../../../Engine/Content/EditorMaterials/MatineeGroups/MAT_Groups_Fade.uasset" 263
"../../../Engine/Content/EditorMaterials/MatineeGroups/MAT_Groups_Fade.uexp" 264
"../../../Engine/Content/EditorMaterials/MatineeGroups/MAT_Groups_Event.uasset" 265
"../../../Engine/Content/EditorMaterials/MatineeGroups/MAT_Groups_Event.uexp" 266
"../../../Engine/Content/EditorMaterials/MatineeGroups/MAT_Groups_Director.uasset" 267
"../../../Engine/Content/EditorMaterials/MatineeGroups/MAT_Groups_Director.uexp" 268
"../../../Engine/Content/EditorMaterials/MatineeGroups/MAT_Groups_AudioMaster.uasset" 269
"../../../Engine/Content/EditorMaterials/MatineeGroups/MAT_Groups_AudioMaster.uexp" 270
"../../../Engine/Content/EditorMaterials/MatineeGroups/MAT_Groups_Anim.uasset" 271
"../../../Engine/Content/EditorMaterials/MatineeGroups/MAT_Groups_Anim.uexp" 272
"../../../Engine/Content/EditorMaterials/MatineeGroups/MAT_ColorTrack.uasset" 273
"../../../Engine/Content/EditorMaterials/MatineeGroups/MAT_ColorTrack.uexp" 274
"../../../Engine/Content/EditorLandscapeResources/DefaultAlphaTexture.uasset" 275
"../../../Engine/Content/EditorLandscapeResources/DefaultAlphaTexture.uexp" 276
"../../../Engine/Content/EditorLandscapeResources/DataLayer.uasset" 277
"../../../Engine/Content/EditorLandscapeResources/DataLayer.uexp" 278
"../../../Engine/Content/EngineMaterials/T_Default_Material_Grid_M.ubulk" 279
"../../../Engine/Content/EngineMaterials/T_Default_Material_Grid_M.uasset" 280
"../../../Engine/Content/EngineMaterials/T_Default_Material_Grid_M.uexp" 281
"../../../Engine/Content/EngineMaterials/T_Default_Material_Grid_N.ubulk" 282
"../../../Engine/Content/EngineMaterials/T_Default_Material_Grid_N.uasset" 283
"../../../Engine/Content/EngineMaterials/T_Default_Material_Grid_N.uexp" 284
"../../../Engine/Content/Functions/Engine_MaterialFunctions01/Opacity/CameraDepthFade.uasset" 285
"../../../Engine/Content/Functions/Engine_MaterialFunctions01/Opacity/CameraDepthFade.uexp" 286
"../../../Engine/Content/EngineMaterials/DefaultMaterial.uasset" 287
"../../../Engine/Content/EngineMaterials/DefaultMaterial.uexp" 288
"../../../Engine/Content/BasicShapes/Sphere.uasset" 289
"../../../Engine/Content/BasicShapes/Sphere.uexp" 290
"../../../Engine/Content/EngineMaterials/WorldGridMaterial.uasset" 291
"../../../Engine/Content/EngineMaterials/WorldGridMaterial.uexp" 292
"../../../Engine/Content/BasicShapes/Plane.uasset" 293
"../../../Engine/Content/BasicShapes/Plane.uexp" 294
"../../../Engine/Content/BasicShapes/Cylinder.uasset" 295
"../../../Engine/Content/BasicShapes/Cylinder.uexp" 296
"../../../Engine/Content/BasicShapes/Cube.uasset" 297
"../../../Engine/Content/BasicShapes/Cube.uexp" 298
"../../../Engine/Content/BasicShapes/Cone.uasset" 299
"../../../Engine/Content/BasicShapes/Cone.uexp" 300
"../../../Engine/Content/ArtTools/RenderToTexture/Meshes/S_1_Unit_Plane.uasset" 301
"../../../Engine/Content/ArtTools/RenderToTexture/Meshes/S_1_Unit_Plane.uexp" 302
"C:/Facultate/Licenta/Content/Insule/Insula6/perete_ncl1_1.uasset" 303
"C:/Facultate/Licenta/Content/Insule/Insula6/perete_ncl1_1.uexp" 304
"C:/Facultate/Licenta/Content/Insule/Insula6/Perete.uasset" 305
"C:/Facultate/Licenta/Content/Insule/Insula6/Perete.uexp" 306
"C:/Facultate/Licenta/Content/Insule/Insula6/rock.uasset" 307
"C:/Facultate/Licenta/Content/Insule/Insula6/rock.uexp" 308
"C:/Facultate/Licenta/Content/Insule/Insula6/Piatra.uasset" 309
"C:/Facultate/Licenta/Content/Insule/Insula6/Piatra.uexp" 310
"C:/Facultate/Licenta/Content/Insule/Insula6/stalp_ncl1_1.uasset" 311
"C:/Facultate/Licenta/Content/Insule/Insula6/stalp_ncl1_1.uexp" 312
"C:/Facultate/Licenta/Content/Insule/Insula6/Stalp.uasset" 313
"C:/Facultate/Licenta/Content/Insule/Insula6/Stalp.uexp" 314
"C:/Facultate/Licenta/Content/Insule/Insula6/grass.uasset" 315
"C:/Facultate/Licenta/Content/Insule/Insula6/grass.uexp" 316
"C:/Facultate/Licenta/Content/Insule/Insula6/Iarba.uasset" 317
"C:/Facultate/Licenta/Content/Insule/Insula6/Iarba.uexp" 318
"C:/Facultate/Licenta/Content/Insule/Insula6/insula4.uasset" 319
"C:/Facultate/Licenta/Content/Insule/Insula6/insula4.uexp" 320
"../../../Engine/Content/Animation/DefaultAnimCurveCompressionSettings.uasset" 321
"../../../Engine/Content/Animation/DefaultAnimCurveCompressionSettings.uexp" 322
"C:/Facultate/Licenta/Content/Inamici/Zombie/Asset-uri/zombie_Skeleton.uasset" 323
"C:/Facultate/Licenta/Content/Inamici/Zombie/Asset-uri/zombie_Skeleton.uexp" 324
"../../../Engine/Content/Animation/DefaultAnimBoneCompressionSettings.uasset" 325
"../../../Engine/Content/Animation/DefaultAnimBoneCompressionSettings.uexp" 326
"C:/Facultate/Licenta/Content/Inamici/Zombie/Asset-uri/zombie_Anim.uasset" 327
"C:/Facultate/Licenta/Content/Inamici/Zombie/Asset-uri/zombie_Anim.uexp" 328
"C:/Facultate/Licenta/Content/Inamici/Zombie/Animatii/Zombie_Running.uasset" 329
"C:/Facultate/Licenta/Content/Inamici/Zombie/Animatii/Zombie_Running.uexp" 330
"C:/Facultate/Licenta/Content/Inamici/Zombie/Animatii/Zombie_Running_Montage.uasset" 331
"C:/Facultate/Licenta/Content/Inamici/Zombie/Animatii/Zombie_Running_Montage.uexp" 332
"C:/Facultate/Licenta/Content/Inamici/Mutant/Asset-uri/mutant_Skeleton.uasset" 333
"C:/Facultate/Licenta/Content/Inamici/Mutant/Asset-uri/mutant_Skeleton.uexp" 334
"C:/Facultate/Licenta/Content/Inamici/Mutant/Asset-uri/mutant_Anim_Take_001.uasset" 335
"C:/Facultate/Licenta/Content/Inamici/Mutant/Asset-uri/mutant_Anim_Take_001.uexp" 336
"C:/Facultate/Licenta/Content/Inamici/Mutant/Asset-uri/mutant_Anim_mixamo_com.uasset" 337
"C:/Facultate/Licenta/Content/Inamici/Mutant/Asset-uri/mutant_Anim_mixamo_com.uexp" 338
"C:/Facultate/Licenta/Content/Caracter/Asset-uri/paladin_prop_j_nordstrom_Skeleton.uasset" 339
"C:/Facultate/Licenta/Content/Caracter/Asset-uri/paladin_prop_j_nordstrom_Skeleton.uexp" 340
"C:/Facultate/Licenta/Content/Caracter/Animatii/sword_and_shield_walk__2_.uasset" 341
"C:/Facultate/Licenta/Content/Caracter/Animatii/sword_and_shield_walk__2_.uexp" 342
"C:/Facultate/Licenta/Content/Caracter/Animatii/sword_and_shield_turn__2_.uasset" 343
"C:/Facultate/Licenta/Content/Caracter/Animatii/sword_and_shield_turn__2_.uexp" 344
"C:/Facultate/Licenta/Content/Caracter/Animatii/sword_and_shield_turn.uasset" 345
"C:/Facultate/Licenta/Content/Caracter/Animatii/sword_and_shield_turn.uexp" 346
"C:/Facultate/Licenta/Content/Caracter/Animatii/sword_and_shield_strafe__4_.uasset" 347
"C:/Facultate/Licenta/Content/Caracter/Animatii/sword_and_shield_strafe__4_.uexp" 348
"C:/Facultate/Licenta/Content/Caracter/Animatii/sword_and_shield_strafe__3_.uasset" 349
"C:/Facultate/Licenta/Content/Caracter/Animatii/sword_and_shield_strafe__3_.uexp" 350
"C:/Facultate/Licenta/Content/Caracter/Animatii/sword_and_shield_strafe__2_.uasset" 351
"C:/Facultate/Licenta/Content/Caracter/Animatii/sword_and_shield_strafe__2_.uexp" 352
"C:/Facultate/Licenta/Content/Caracter/Animatii/sword_and_shield_strafe.uasset" 353
"C:/Facultate/Licenta/Content/Caracter/Animatii/sword_and_shield_strafe.uexp" 354
"C:/Facultate/Licenta/Content/Caracter/Animatii/sword_and_shield_slash__5_.uasset" 355
"C:/Facultate/Licenta/Content/Caracter/Animatii/sword_and_shield_slash__5_.uexp" 356
"C:/Facultate/Licenta/Content/Caracter/Animatii/sword_and_shield_slash__2_.uasset" 357
"C:/Facultate/Licenta/Content/Caracter/Animatii/sword_and_shield_slash__2_.uexp" 358
"C:/Facultate/Licenta/Content/Caracter/Animatii/sword_and_shield_run__2_.uasset" 359
"C:/Facultate/Licenta/Content/Caracter/Animatii/sword_and_shield_run__2_.uexp" 360
"C:/Facultate/Licenta/Content/Caracter/Animatii/sword_and_shield_power_up.uasset" 361
"C:/Facultate/Licenta/Content/Caracter/Animatii/sword_and_shield_power_up.uexp" 362
"C:/Facultate/Licenta/Content/Caracter/Animatii/sword_and_shield_kick.uasset" 363
"C:/Facultate/Licenta/Content/Caracter/Animatii/sword_and_shield_kick.uexp" 364
"C:/Facultate/Licenta/Content/Caracter/Animatii/sword_and_shield_impact__3_.uasset" 365
"C:/Facultate/Licenta/Content/Caracter/Animatii/sword_and_shield_impact__3_.uexp" 366
"C:/Facultate/Licenta/Content/Caracter/Animatii/sword_and_shield_impact__2_.uasset" 367
"C:/Facultate/Licenta/Content/Caracter/Animatii/sword_and_shield_impact__2_.uexp" 368
"C:/Facultate/Licenta/Content/Caracter/Animatii/sword_and_shield_impact.uasset" 369
"C:/Facultate/Licenta/Content/Caracter/Animatii/sword_and_shield_impact.uexp" 370
"C:/Facultate/Licenta/Content/Caracter/Animatii/sword_and_shield_idle__3_.uasset" 371
"C:/Facultate/Licenta/Content/Caracter/Animatii/sword_and_shield_idle__3_.uexp" 372
"C:/Facultate/Licenta/Content/Caracter/Animatii/sword_and_shield_idle__2_.uasset" 373
"C:/Facultate/Licenta/Content/Caracter/Animatii/sword_and_shield_idle__2_.uexp" 374
"C:/Facultate/Licenta/Content/Caracter/Animatii/sword_and_shield_idle.uasset" 375
"C:/Facultate/Licenta/Content/Caracter/Animatii/sword_and_shield_idle.uexp" 376
"C:/Facultate/Licenta/Content/Caracter/Animatii/sword_and_shield_death__2_.uasset" 377
"C:/Facultate/Licenta/Content/Caracter/Animatii/sword_and_shield_death__2_.uexp" 378
"C:/Facultate/Licenta/Content/Caracter/Animatii/sword_and_shield_crouch_idle.uasset" 379
"C:/Facultate/Licenta/Content/Caracter/Animatii/sword_and_shield_crouch_idle.uexp" 380
"C:/Facultate/Licenta/Content/Caracter/Animatii/sword_and_shield_crouch_block__2_.uasset" 381
"C:/Facultate/Licenta/Content/Caracter/Animatii/sword_and_shield_crouch_block__2_.uexp" 382
"C:/Facultate/Licenta/Content/Caracter/Animatii/sword_and_shield_crouch_block_idle.uasset" 383
"C:/Facultate/Licenta/Content/Caracter/Animatii/sword_and_shield_crouch_block_idle.uexp" 384
"C:/Facultate/Licenta/Content/Caracter/Animatii/sword_and_shield_crouch_block.uasset" 385
"C:/Facultate/Licenta/Content/Caracter/Animatii/sword_and_shield_crouch_block.uexp" 386
"C:/Facultate/Licenta/Content/Caracter/Animatii/sword_and_shield_crouching__3_.uasset" 387
"C:/Facultate/Licenta/Content/Caracter/Animatii/sword_and_shield_crouching__3_.uexp" 388
"C:/Facultate/Licenta/Content/Caracter/Animatii/sword_and_shield_crouching__2_.uasset" 389
"C:/Facultate/Licenta/Content/Caracter/Animatii/sword_and_shield_crouching__2_.uexp" 390
"C:/Facultate/Licenta/Content/Caracter/Animatii/sword_and_shield_crouching.uasset" 391
"C:/Facultate/Licenta/Content/Caracter/Animatii/sword_and_shield_crouching.uexp" 392
"C:/Facultate/Licenta/Content/Caracter/Animatii/sword_and_shield_crouch.uasset" 393
"C:/Facultate/Licenta/Content/Caracter/Animatii/sword_and_shield_crouch.uexp" 394
"C:/Facultate/Licenta/Content/Caracter/Animatii/sword_and_shield_casting__2_.uasset" 395
"C:/Facultate/Licenta/Content/Caracter/Animatii/sword_and_shield_casting__2_.uexp" 396
"C:/Facultate/Licenta/Content/Caracter/Animatii/sword_and_shield_casting.uasset" 397
"C:/Facultate/Licenta/Content/Caracter/Animatii/sword_and_shield_casting.uexp" 398
"C:/Facultate/Licenta/Content/Caracter/Animatii/sword_and_shield_block__2_.uasset" 399
"C:/Facultate/Licenta/Content/Caracter/Animatii/sword_and_shield_block__2_.uexp" 400
"C:/Facultate/Licenta/Content/Caracter/Animatii/sword_and_shield_block.uasset" 401
"C:/Facultate/Licenta/Content/Caracter/Animatii/sword_and_shield_block.uexp" 402
"C:/Facultate/Licenta/Content/Caracter/Animatii/sword_and_shield_attack__4_.uasset" 403
"C:/Facultate/Licenta/Content/Caracter/Animatii/sword_and_shield_attack__4_.uexp" 404
"C:/Facultate/Licenta/Content/Caracter/Animatii/sword_and_shield_attack__3_.uasset" 405
"C:/Facultate/Licenta/Content/Caracter/Animatii/sword_and_shield_attack__3_.uexp" 406
"C:/Facultate/Licenta/Content/Caracter/Animatii/sword_and_shield_attack__2_.uasset" 407
"C:/Facultate/Licenta/Content/Caracter/Animatii/sword_and_shield_attack__2_.uexp" 408
"C:/Facultate/Licenta/Content/Caracter/Animatii/sword_and_shield_attack.uasset" 409
"C:/Facultate/Licenta/Content/Caracter/Animatii/sword_and_shield_attack.uexp" 410
"C:/Facultate/Licenta/Content/Caracter/Animatii/sword_and_shield_180_turn__2_.uasset" 411
"C:/Facultate/Licenta/Content/Caracter/Animatii/sword_and_shield_180_turn__2_.uexp" 412
"C:/Facultate/Licenta/Content/Caracter/Animatii/sword_and_shield_180_turn.uasset" 413
"C:/Facultate/Licenta/Content/Caracter/Animatii/sword_and_shield_180_turn.uexp" 414
"C:/Facultate/Licenta/Content/Caracter/Animatii/sheath_sword_2.uasset" 415
"C:/Facultate/Licenta/Content/Caracter/Animatii/sheath_sword_2.uexp" 416
"C:/Facultate/Licenta/Content/Caracter/Animatii/sheath_sword_1.uasset" 417
"C:/Facultate/Licenta/Content/Caracter/Animatii/sheath_sword_1.uexp" 418
"C:/Facultate/Licenta/Content/Caracter/Animatii/draw_sword_2.uasset" 419
"C:/Facultate/Licenta/Content/Caracter/Animatii/draw_sword_2.uexp" 420
"C:/Facultate/Licenta/Content/Caracter/Animatii/draw_sword_1.uasset" 421
"C:/Facultate/Licenta/Content/Caracter/Animatii/draw_sword_1.uexp" 422
"../../../Engine/Content/MobileResources/HUD/VirtualJoystick_Background.uasset" 423
"../../../Engine/Content/MobileResources/HUD/VirtualJoystick_Background.uexp" 424
"../../../Engine/Content/MobileResources/HUD/VirtualJoystick_Thumb.uasset" 425
"../../../Engine/Content/MobileResources/HUD/VirtualJoystick_Thumb.uexp" 426
"../../../Engine/Content/MobileResources/HUD/DefaultVirtualJoysticks.uasset" 427
"../../../Engine/Content/MobileResources/HUD/DefaultVirtualJoysticks.uexp" 428
"../../../Engine/Content/Tutorial/ContentIntroCurve.uasset" 429
"../../../Engine/Content/Tutorial/ContentIntroCurve.uexp" 430
"../../../Engine/Content/VREditor/TransformGizmo/Main.uasset" 431
"../../../Engine/Content/VREditor/TransformGizmo/Main.uexp" 432
"../../../Engine/Content/VREditor/TransformGizmo/Xray.uasset" 433
"../../../Engine/Content/VREditor/TransformGizmo/Xray.uexp" 434
"../../../Engine/Content/VREditor/TransformGizmo/SM_Sequencer_Node.uasset" 435
"../../../Engine/Content/VREditor/TransformGizmo/SM_Sequencer_Node.uexp" 436
"../../../Engine/Content/VREditor/LaserPointer/VR_LaserPower_01.ubulk" 437
"../../../Engine/Content/VREditor/LaserPointer/VR_LaserPower_01.uasset" 438
"../../../Engine/Content/VREditor/LaserPointer/VR_LaserPower_01.uexp" 439
"../../../Engine/Content/VREditor/TransformGizmo/TransformGizmoMaterial.uasset" 440
"../../../Engine/Content/VREditor/TransformGizmo/TransformGizmoMaterial.uexp" 441
"../../../Engine/Content/VREditor/TransformGizmo/TranslucentTransformGizmoMaterial.uasset" 442
"../../../Engine/Content/VREditor/TransformGizmo/TranslucentTransformGizmoMaterial.uexp" 443
"../../../Engine/Content/VREditor/TransformGizmo/PlaneTranslationHandle.uasset" 444
"../../../Engine/Content/VREditor/TransformGizmo/PlaneTranslationHandle.uexp" 445
"../../../Engine/Content/VREditor/TransformGizmo/BoundingBoxEdge.uasset" 446
"../../../Engine/Content/VREditor/TransformGizmo/BoundingBoxEdge.uexp" 447
"../../../Engine/Content/VREditor/TransformGizmo/BoundingBoxCorner.uasset" 448
"../../../Engine/Content/VREditor/TransformGizmo/BoundingBoxCorner.uexp" 449
"../../../Engine/Plugins/2D/Paper2D/Content/PlaceholderTextures/DummySpriteTexture.ubulk" 450
"../../../Engine/Plugins/2D/Paper2D/Content/PlaceholderTextures/DummySpriteTexture.uasset" 451
"../../../Engine/Plugins/2D/Paper2D/Content/PlaceholderTextures/DummySpriteTexture.uexp" 452
"../../../Engine/Plugins/2D/Paper2D/Content/DefaultSpriteMaterial.uasset" 453
"../../../Engine/Plugins/2D/Paper2D/Content/DefaultSpriteMaterial.uexp" 454
"../../../Engine/Plugins/2D/Paper2D/Content/OpaqueUnlitSpriteMaterial.uasset" 455
"../../../Engine/Plugins/2D/Paper2D/Content/OpaqueUnlitSpriteMaterial.uexp" 456
"../../../Engine/Plugins/2D/Paper2D/Content/MaskedUnlitSpriteMaterial.uasset" 457
"../../../Engine/Plugins/2D/Paper2D/Content/MaskedUnlitSpriteMaterial.uexp" 458
"../../../Engine/Plugins/2D/Paper2D/Content/DummySprite.uasset" 459
"../../../Engine/Plugins/2D/Paper2D/Content/DummySprite.uexp" 460
"../../../Engine/Plugins/2D/Paper2D/Content/DefaultPaperTerrainMaterial.uasset" 461
"../../../Engine/Plugins/2D/Paper2D/Content/DefaultPaperTerrainMaterial.uexp" 462
"../../../Engine/Plugins/Animation/ControlRig/Content/M_Manip.uasset" 463
"../../../Engine/Plugins/Animation/ControlRig/Content/M_Manip.uexp" 464
"../../../Engine/Plugins/Animation/ControlRig/Content/Controls/DefaultGizmoLibraryNormalized.uasset" 465
"../../../Engine/Plugins/Animation/ControlRig/Content/Controls/DefaultGizmoLibraryNormalized.uexp" 466
"../../../Engine/Plugins/Animation/ControlRig/Content/Controls/ControlRig_Wedge_solid.uasset" 467
"../../../Engine/Plugins/Animation/ControlRig/Content/Controls/ControlRig_Wedge_solid.uexp" 468
"../../../Engine/Plugins/Animation/ControlRig/Content/Controls/ControlRig_Wedge_3mm.uasset" 469
"../../../Engine/Plugins/Animation/ControlRig/Content/Controls/ControlRig_Wedge_3mm.uexp" 470
"../../../Engine/Plugins/Animation/ControlRig/Content/Controls/ControlRig_Wedge_1mm.uasset" 471
"../../../Engine/Plugins/Animation/ControlRig/Content/Controls/ControlRig_Wedge_1mm.uexp" 472
"../../../Engine/Plugins/Animation/ControlRig/Content/Controls/ControlRig_Triangle_solid.uasset" 473
"../../../Engine/Plugins/Animation/ControlRig/Content/Controls/ControlRig_Triangle_solid.uexp" 474
"../../../Engine/Plugins/Animation/ControlRig/Content/Controls/ControlRig_Triangle_3mm.uasset" 475
"../../../Engine/Plugins/Animation/ControlRig/Content/Controls/ControlRig_Triangle_3mm.uexp" 476
"../../../Engine/Plugins/Animation/ControlRig/Content/Controls/ControlRig_Triangle_1mm.uasset" 477
"../../../Engine/Plugins/Animation/ControlRig/Content/Controls/ControlRig_Triangle_1mm.uexp" 478
"../../../Engine/Plugins/Animation/ControlRig/Content/Controls/ControlRig_Star4_solid.uasset" 479
"../../../Engine/Plugins/Animation/ControlRig/Content/Controls/ControlRig_Star4_solid.uexp" 480
"../../../Engine/Plugins/Animation/ControlRig/Content/Controls/ControlRig_Star4_3mm.uasset" 481
"../../../Engine/Plugins/Animation/ControlRig/Content/Controls/ControlRig_Star4_3mm.uexp" 482
"../../../Engine/Plugins/Animation/ControlRig/Content/Controls/ControlRig_Star4_1mm.uasset" 483
"../../../Engine/Plugins/Animation/ControlRig/Content/Controls/ControlRig_Star4_1mm.uexp" 484
"../../../Engine/Plugins/Animation/ControlRig/Content/Controls/ControlRig_Square_solid.uasset" 485
"../../../Engine/Plugins/Animation/ControlRig/Content/Controls/ControlRig_Square_solid.uexp" 486
"../../../Engine/Plugins/Animation/ControlRig/Content/Controls/ControlRig_Square_3mm.uasset" 487
"../../../Engine/Plugins/Animation/ControlRig/Content/Controls/ControlRig_Square_3mm.uexp" 488
"../../../Engine/Plugins/Animation/ControlRig/Content/Controls/ControlRig_Square_1mm.uasset" 489
"../../../Engine/Plugins/Animation/ControlRig/Content/Controls/ControlRig_Square_1mm.uexp" 490
"../../../Engine/Plugins/Animation/ControlRig/Content/Controls/ControlRig_Sphere_solid.uasset" 491
"../../../Engine/Plugins/Animation/ControlRig/Content/Controls/ControlRig_Sphere_solid.uexp" 492
"../../../Engine/Plugins/Animation/ControlRig/Content/Controls/ControlRig_Sphere_3mm.uasset" 493
"../../../Engine/Plugins/Animation/ControlRig/Content/Controls/ControlRig_Sphere_3mm.uexp" 494
"../../../Engine/Plugins/Animation/ControlRig/Content/Controls/ControlRig_Sphere_1mm.uasset" 495
"../../../Engine/Plugins/Animation/ControlRig/Content/Controls/ControlRig_Sphere_1mm.uexp" 496
"../../../Engine/Plugins/Animation/ControlRig/Content/Controls/ControlRig_RoundedTriangle_solid.uasset" 497
"../../../Engine/Plugins/Animation/ControlRig/Content/Controls/ControlRig_RoundedTriangle_solid.uexp" 498
"../../../Engine/Plugins/Animation/ControlRig/Content/Controls/ControlRig_RoundedTriangle_3mm.uasset" 499
"../../../Engine/Plugins/Animation/ControlRig/Content/Controls/ControlRig_RoundedTriangle_3mm.uexp" 500
"../../../Engine/Plugins/Animation/ControlRig/Content/Controls/ControlRig_RoundedTriangle_1mm.uasset" 501
"../../../Engine/Plugins/Animation/ControlRig/Content/Controls/ControlRig_RoundedTriangle_1mm.uexp" 502
"../../../Engine/Plugins/Animation/ControlRig/Content/Controls/ControlRig_RoundedSquare_solid.uasset" 503
"../../../Engine/Plugins/Animation/ControlRig/Content/Controls/ControlRig_RoundedSquare_solid.uexp" 504
"../../../Engine/Plugins/Animation/ControlRig/Content/Controls/ControlRig_RoundedSquare_3mm.uasset" 505
"../../../Engine/Plugins/Animation/ControlRig/Content/Controls/ControlRig_RoundedSquare_3mm.uexp" 506
"../../../Engine/Plugins/Animation/ControlRig/Content/Controls/ControlRig_RoundedSquare_1mm.uasset" 507
"../../../Engine/Plugins/Animation/ControlRig/Content/Controls/ControlRig_RoundedSquare_1mm.uexp" 508
"../../../Engine/Plugins/Animation/ControlRig/Content/Controls/ControlRig_QuarterCircle_solid.uasset" 509
"../../../Engine/Plugins/Animation/ControlRig/Content/Controls/ControlRig_QuarterCircle_solid.uexp" 510
"../../../Engine/Plugins/Animation/ControlRig/Content/Controls/ControlRig_QuarterCircle_3mm.uasset" 511
"../../../Engine/Plugins/Animation/ControlRig/Content/Controls/ControlRig_QuarterCircle_3mm.uexp" 512
"../../../Engine/Plugins/Animation/ControlRig/Content/Controls/ControlRig_QuarterCircle_1mm.uasset" 513
"../../../Engine/Plugins/Animation/ControlRig/Content/Controls/ControlRig_QuarterCircle_1mm.uexp" 514
"../../../Engine/Plugins/Animation/ControlRig/Content/Controls/ControlRig_Pyramid_solid.uasset" 515
"../../../Engine/Plugins/Animation/ControlRig/Content/Controls/ControlRig_Pyramid_solid.uexp" 516
"../../../Engine/Plugins/Animation/ControlRig/Content/Controls/ControlRig_Pyramid_3mm.uasset" 517
"../../../Engine/Plugins/Animation/ControlRig/Content/Controls/ControlRig_Pyramid_3mm.uexp" 518
"../../../Engine/Plugins/Animation/ControlRig/Content/Controls/ControlRig_Pyramid_1mm.uasset" 519
"../../../Engine/Plugins/Animation/ControlRig/Content/Controls/ControlRig_Pyramid_1mm.uexp" 520
"../../../Engine/Plugins/Animation/ControlRig/Content/Controls/ControlRig_Octagon_solid.uasset" 521
"../../../Engine/Plugins/Animation/ControlRig/Content/Controls/ControlRig_Octagon_solid.uexp" 522
"../../../Engine/Plugins/Animation/ControlRig/Content/Controls/ControlRig_Octagon_3mm.uasset" 523
"../../../Engine/Plugins/Animation/ControlRig/Content/Controls/ControlRig_Octagon_3mm.uexp" 524
"../../../Engine/Plugins/Animation/ControlRig/Content/Controls/ControlRig_Octagon_1mm.uasset" 525
"../../../Engine/Plugins/Animation/ControlRig/Content/Controls/ControlRig_Octagon_1mm.uexp" 526
"../../../Engine/Plugins/Animation/ControlRig/Content/Controls/ControlRig_Hexagon_solid.uasset" 527
"../../../Engine/Plugins/Animation/ControlRig/Content/Controls/ControlRig_Hexagon_solid.uexp" 528
"../../../Engine/Plugins/Animation/ControlRig/Content/Controls/ControlRig_Hexagon_3mm.uasset" 529
"../../../Engine/Plugins/Animation/ControlRig/Content/Controls/ControlRig_Hexagon_3mm.uexp" 530
"../../../Engine/Plugins/Animation/ControlRig/Content/Controls/ControlRig_Hexagon_1mm.uasset" 531
"../../../Engine/Plugins/Animation/ControlRig/Content/Controls/ControlRig_Hexagon_1mm.uexp" 532
"../../../Engine/Plugins/Animation/ControlRig/Content/Controls/ControlRig_HalfCircle_solid.uasset" 533
"../../../Engine/Plugins/Animation/ControlRig/Content/Controls/ControlRig_HalfCircle_solid.uexp" 534
"../../../Engine/Plugins/Animation/ControlRig/Content/Controls/ControlRig_HalfCircle_3mm.uasset" 535
"../../../Engine/Plugins/Animation/ControlRig/Content/Controls/ControlRig_HalfCircle_3mm.uexp" 536
"../../../Engine/Plugins/Animation/ControlRig/Content/Controls/ControlRig_HalfCircle_1mm.uasset" 537
"../../../Engine/Plugins/Animation/ControlRig/Content/Controls/ControlRig_HalfCircle_1mm.uexp" 538
"../../../Engine/Plugins/Animation/ControlRig/Content/Controls/ControlRig_Diamond_solid.uasset" 539
"../../../Engine/Plugins/Animation/ControlRig/Content/Controls/ControlRig_Diamond_solid.uexp" 540
"../../../Engine/Plugins/Animation/ControlRig/Content/Controls/ControlRig_Diamond_3mm.uasset" 541
"../../../Engine/Plugins/Animation/ControlRig/Content/Controls/ControlRig_Diamond_3mm.uexp" 542
"../../../Engine/Plugins/Animation/ControlRig/Content/Controls/ControlRig_Diamond_1mm.uasset" 543
"../../../Engine/Plugins/Animation/ControlRig/Content/Controls/ControlRig_Diamond_1mm.uexp" 544
"../../../Engine/Plugins/Animation/ControlRig/Content/Controls/ControlRig_Circle_solid.uasset" 545
"../../../Engine/Plugins/Animation/ControlRig/Content/Controls/ControlRig_Circle_solid.uexp" 546
"../../../Engine/Plugins/Animation/ControlRig/Content/Controls/ControlRig_Circle_3mm.uasset" 547
"../../../Engine/Plugins/Animation/ControlRig/Content/Controls/ControlRig_Circle_3mm.uexp" 548
"../../../Engine/Plugins/Animation/ControlRig/Content/Controls/ControlRig_Circle_1mm.uasset" 549
"../../../Engine/Plugins/Animation/ControlRig/Content/Controls/ControlRig_Circle_1mm.uexp" 550
"../../../Engine/Plugins/Animation/ControlRig/Content/Controls/ControlRig_Box_solid.uasset" 551
"../../../Engine/Plugins/Animation/ControlRig/Content/Controls/ControlRig_Box_solid.uexp" 552
"../../../Engine/Plugins/Animation/ControlRig/Content/Controls/ControlRig_Box_3mm.uasset" 553
"../../../Engine/Plugins/Animation/ControlRig/Content/Controls/ControlRig_Box_3mm.uexp" 554
"../../../Engine/Plugins/Animation/ControlRig/Content/Controls/ControlRig_Box_1mm.uasset" 555
"../../../Engine/Plugins/Animation/ControlRig/Content/Controls/ControlRig_Box_1mm.uexp" 556
"../../../Engine/Plugins/Animation/ControlRig/Content/Controls/ControlRig_Arrow_solid.uasset" 557
"../../../Engine/Plugins/Animation/ControlRig/Content/Controls/ControlRig_Arrow_solid.uexp" 558
"../../../Engine/Plugins/Animation/ControlRig/Content/Controls/ControlRig_Arrow_3mm.uasset" 559
"../../../Engine/Plugins/Animation/ControlRig/Content/Controls/ControlRig_Arrow_3mm.uexp" 560
"../../../Engine/Plugins/Animation/ControlRig/Content/Controls/ControlRig_Arrow_1mm.uasset" 561
"../../../Engine/Plugins/Animation/ControlRig/Content/Controls/ControlRig_Arrow_1mm.uexp" 562
"../../../Engine/Plugins/Animation/ControlRig/Content/Controls/ControlRig_Arrow4_solid.uasset" 563
"../../../Engine/Plugins/Animation/ControlRig/Content/Controls/ControlRig_Arrow4_solid.uexp" 564
"../../../Engine/Plugins/Animation/ControlRig/Content/Controls/ControlRig_Arrow4_3mm.uasset" 565
"../../../Engine/Plugins/Animation/ControlRig/Content/Controls/ControlRig_Arrow4_3mm.uexp" 566
"../../../Engine/Plugins/Animation/ControlRig/Content/Controls/ControlRig_Arrow4_1mm.uasset" 567
"../../../Engine/Plugins/Animation/ControlRig/Content/Controls/ControlRig_Arrow4_1mm.uexp" 568
"../../../Engine/Plugins/Animation/ControlRig/Content/Controls/ControlRig_Arrow2_solid.uasset" 569
"../../../Engine/Plugins/Animation/ControlRig/Content/Controls/ControlRig_Arrow2_solid.uexp" 570
"../../../Engine/Plugins/Animation/ControlRig/Content/Controls/ControlRig_Arrow2_3mm.uasset" 571
"../../../Engine/Plugins/Animation/ControlRig/Content/Controls/ControlRig_Arrow2_3mm.uexp" 572
"../../../Engine/Plugins/Animation/ControlRig/Content/Controls/ControlRig_Arrow2_1mm.uasset" 573
"../../../Engine/Plugins/Animation/ControlRig/Content/Controls/ControlRig_Arrow2_1mm.uexp" 574
"../../../Engine/Plugins/Animation/ControlRig/Content/Controls/ControlRigGizmoMaterial.uasset" 575
"../../../Engine/Plugins/Animation/ControlRig/Content/Controls/ControlRigGizmoMaterial.uexp" 576
"../../../Engine/Plugins/Editor/SpeedTreeImporter/Content/SpeedTree9/game_wind_noise.ubulk" 577
"../../../Engine/Plugins/Editor/SpeedTreeImporter/Content/SpeedTree9/game_wind_noise.uasset" 578
"../../../Engine/Plugins/Editor/SpeedTreeImporter/Content/SpeedTree9/game_wind_noise.uexp" 579
"../../../Engine/Plugins/Editor/SpeedTreeImporter/Content/SpeedTree9/UnpackDirection.uasset" 580
"../../../Engine/Plugins/Editor/SpeedTreeImporter/Content/SpeedTree9/UnpackDirection.uexp" 581
"../../../Engine/Content/Functions/Engine_MaterialFunctions02/ObjectLocalBounds.uasset" 582
"../../../Engine/Content/Functions/Engine_MaterialFunctions02/ObjectLocalBounds.uexp" 583
"../../../Engine/Content/Functions/Engine_MaterialFunctions02/UVs/BoundingBoxBased_0-1_UVW.uasset" 584
"../../../Engine/Content/Functions/Engine_MaterialFunctions02/UVs/BoundingBoxBased_0-1_UVW.uexp" 585
"../../../Engine/Content/Functions/Engine_MaterialFunctions02/Utility/VectorLength.uasset" 586
"../../../Engine/Content/Functions/Engine_MaterialFunctions02/Utility/VectorLength.uexp" 587
"../../../Engine/Plugins/Editor/SpeedTreeImporter/Content/SpeedTree9/UnpackInteger3.uasset" 588
"../../../Engine/Plugins/Editor/SpeedTreeImporter/Content/SpeedTree9/UnpackInteger3.uexp" 589
"../../../Engine/Plugins/Editor/SpeedTreeImporter/Content/SpeedTree9/SpeedTreeCameraFacing.uasset" 590
"../../../Engine/Plugins/Editor/SpeedTreeImporter/Content/SpeedTree9/SpeedTreeCameraFacing.uexp" 591
"../../../Engine/Content/Functions/Engine_MaterialFunctions02/WorldPositionOffset/ObjectScale.uasset" 592
"../../../Engine/Content/Functions/Engine_MaterialFunctions02/WorldPositionOffset/ObjectScale.uexp" 593
"../../../Engine/Content/Functions/Engine_MaterialFunctions02/SafeNormalize.uasset" 594
"../../../Engine/Content/Functions/Engine_MaterialFunctions02/SafeNormalize.uexp" 595
"../../../Engine/Plugins/Editor/SpeedTreeImporter/Content/SpeedTree9/SpeedTreeWindMotion.uasset" 596
"../../../Engine/Plugins/Editor/SpeedTreeImporter/Content/SpeedTree9/SpeedTreeWindMotion.uexp" 597
"../../../Engine/Plugins/Editor/SpeedTreeImporter/Content/SpeedTree9/SpeedTreeBranchMotion.uasset" 598
"../../../Engine/Plugins/Editor/SpeedTreeImporter/Content/SpeedTree9/SpeedTreeBranchMotion.uexp" 599
"../../../Engine/Plugins/Editor/SpeedTreeImporter/Content/SpeedTree9/SpeedTreeWind.uasset" 600
"../../../Engine/Plugins/Editor/SpeedTreeImporter/Content/SpeedTree9/SpeedTreeWind.uexp" 601
"../../../Engine/Plugins/Editor/SpeedTreeImporter/Content/SpeedTree9/EmptyNormal.uasset" 602
"../../../Engine/Plugins/Editor/SpeedTreeImporter/Content/SpeedTree9/EmptyNormal.uexp" 603
"../../../Engine/Plugins/Editor/SpeedTreeImporter/Content/SpeedTree9/Empty.uasset" 604
"../../../Engine/Plugins/Editor/SpeedTreeImporter/Content/SpeedTree9/Empty.uexp" 605
"../../../Engine/Plugins/Editor/SpeedTreeImporter/Content/SpeedTree9/SpeedTreeMaster.uasset" 606
"../../../Engine/Plugins/Editor/SpeedTreeImporter/Content/SpeedTree9/SpeedTreeMaster.uexp" 607
"../../../Engine/Plugins/Editor/SpeedTreeImporter/Content/SpeedTree9/SpeedTreeBillboard.uasset" 608
"../../../Engine/Plugins/Editor/SpeedTreeImporter/Content/SpeedTree9/SpeedTreeBillboard.uexp" 609
"../../../Engine/Plugins/Editor/SpeedTreeImporter/Content/SpeedTree9/SpeedTreeBillboardMaster.uasset" 610
"../../../Engine/Plugins/Editor/SpeedTreeImporter/Content/SpeedTree9/SpeedTreeBillboardMaster.uexp" 611
"../../../Engine/Plugins/Runtime/HairStrands/Content/Materials/HairMeshesDefaultMaterial.uasset" 612
"../../../Engine/Plugins/Runtime/HairStrands/Content/Materials/HairMeshesDefaultMaterial.uexp" 613
"../../../Engine/Plugins/Runtime/HairStrands/Content/Materials/HairDefaultMaterial.uasset" 614
"../../../Engine/Plugins/Runtime/HairStrands/Content/Materials/HairDefaultMaterial.uexp" 615
"../../../Engine/Plugins/Runtime/HairStrands/Content/Materials/HairGroupColors.uasset" 616
"../../../Engine/Plugins/Runtime/HairStrands/Content/Materials/HairGroupColors.uexp" 617
"../../../Engine/Content/EngineMaterials/HairColorMap.uasset" 618
"../../../Engine/Content/EngineMaterials/HairColorMap.uexp" 619
"../../../Engine/Content/EngineMaterials/HairDebugColor.uasset" 620
"../../../Engine/Content/EngineMaterials/HairDebugColor.uexp" 621
"../../../Engine/Plugins/Runtime/HairStrands/Content/Materials/HairDebugMaterial.uasset" 622
"../../../Engine/Plugins/Runtime/HairStrands/Content/Materials/HairDebugMaterial.uexp" 623
"../../../Engine/Plugins/Runtime/HairStrands/Content/Materials/HairCardsDefaultMaterial.uasset" 624
"../../../Engine/Plugins/Runtime/HairStrands/Content/Materials/HairCardsDefaultMaterial.uexp" 625
"C:/Facultate/Licenta/Content/Licenta_BuiltData.ubulk" 626
"C:/Facultate/Licenta/Content/Licenta_BuiltData.uasset" 627
"C:/Facultate/Licenta/Content/Licenta_BuiltData.uexp" 628
"C:/Facultate/Licenta/Content/Insule/Insula4/rock.uasset" 629
"C:/Facultate/Licenta/Content/Insule/Insula4/rock.uexp" 630
"C:/Facultate/Licenta/Content/Insule/Insula4/Piatra.uasset" 631
"C:/Facultate/Licenta/Content/Insule/Insula4/Piatra.uexp" 632
"../../../Engine/Content/Functions/Engine_MaterialFunctions02/Texturing/CustomRotator.uasset" 633
"../../../Engine/Content/Functions/Engine_MaterialFunctions02/Texturing/CustomRotator.uexp" 634
"C:/Facultate/Licenta/Content/Insule/Insula4/perete_ncl1_1.uasset" 635
"C:/Facultate/Licenta/Content/Insule/Insula4/perete_ncl1_1.uexp" 636
"C:/Facultate/Licenta/Content/Insule/Insula4/Perete.uasset" 637
"C:/Facultate/Licenta/Content/Insule/Insula4/Perete.uexp" 638
"C:/Facultate/Licenta/Content/Insule/Insula4/grass.uasset" 639
"C:/Facultate/Licenta/Content/Insule/Insula4/grass.uexp" 640
"C:/Facultate/Licenta/Content/Insule/Insula4/Iarba.uasset" 641
"C:/Facultate/Licenta/Content/Insule/Insula4/Iarba.uexp" 642
"C:/Facultate/Licenta/Content/Insule/Insula4/stalp_ncl1_1.uasset" 643
"C:/Facultate/Licenta/Content/Insule/Insula4/stalp_ncl1_1.uexp" 644
"C:/Facultate/Licenta/Content/Insule/Insula4/Stalp.uasset" 645
"C:/Facultate/Licenta/Content/Insule/Insula4/Stalp.uexp" 646
"C:/Facultate/Licenta/Content/Insule/Insula4/insula4.uasset" 647
"C:/Facultate/Licenta/Content/Insule/Insula4/insula4.uexp" 648
"../../../Engine/Content/EngineSky/C_Sky_Horizon_Color.uasset" 649
"../../../Engine/Content/EngineSky/C_Sky_Horizon_Color.uexp" 650
"../../../Engine/Content/EngineSky/T_Sky_Stars.ubulk" 651
"../../../Engine/Content/EngineSky/T_Sky_Stars.uasset" 652
"../../../Engine/Content/EngineSky/T_Sky_Stars.uexp" 653
"../../../Engine/Content/EngineSky/T_Sky_Clouds_M.ubulk" 654
"../../../Engine/Content/EngineSky/T_Sky_Clouds_M.uasset" 655
"../../../Engine/Content/EngineSky/T_Sky_Clouds_M.uexp" 656
"../../../Engine/Content/EngineSky/T_Sky_Blue.ubulk" 657
"../../../Engine/Content/EngineSky/T_Sky_Blue.uasset" 658
"../../../Engine/Content/EngineSky/T_Sky_Blue.uexp" 659
"../../../Engine/Content/EngineSky/M_Sky_Panning_Clouds2.uasset" 660
"../../../Engine/Content/EngineSky/M_Sky_Panning_Clouds2.uexp" 661
"../../../Engine/Content/EngineSky/SM_SkySphere.uasset" 662
"../../../Engine/Content/EngineSky/SM_SkySphere.uexp" 663
"../../../Engine/Content/EngineSky/C_Sky_Cloud_Color.uasset" 664
"../../../Engine/Content/EngineSky/C_Sky_Cloud_Color.uexp" 665
"../../../Engine/Content/EngineSky/C_Sky_Zenith_Color.uasset" 666
"../../../Engine/Content/EngineSky/C_Sky_Zenith_Color.uexp" 667
"../../../Engine/Content/EditorBlueprintResources/StandardMacros.uasset" 668
"../../../Engine/Content/EditorBlueprintResources/StandardMacros.uexp" 669
"../../../Engine/Content/EngineSky/BP_Sky_Sphere.uasset" 670
"../../../Engine/Content/EngineSky/BP_Sky_Sphere.uexp" 671
"C:/Facultate/Licenta/Content/Caracter/WIdget/Boss_Health.uasset" 672
"C:/Facultate/Licenta/Content/Caracter/WIdget/Boss_Health.uexp" 673
"C:/Facultate/Licenta/Content/Inamici/Mutant/Animatii/mutant_punch.uasset" 674
"C:/Facultate/Licenta/Content/Inamici/Mutant/Animatii/mutant_punch.uexp" 675
"C:/Facultate/Licenta/Content/Inamici/Mutant/Animatii/Mutant_Attack2_Montage.uasset" 676
"C:/Facultate/Licenta/Content/Inamici/Mutant/Animatii/Mutant_Attack2_Montage.uexp" 677
"C:/Facultate/Licenta/Content/Inamici/Mutant/Animatii/mutant_dying.uasset" 678
"C:/Facultate/Licenta/Content/Inamici/Mutant/Animatii/mutant_dying.uexp" 679
"C:/Facultate/Licenta/Content/Inamici/Mutant/Animatii/mutant_dying_Montage.uasset" 680
"C:/Facultate/Licenta/Content/Inamici/Mutant/Animatii/mutant_dying_Montage.uexp" 681
"C:/Facultate/Licenta/Content/Inamici/Mutant/Asset-uri/Mutant_normal.ubulk" 682
"C:/Facultate/Licenta/Content/Inamici/Mutant/Asset-uri/Mutant_normal.uasset" 683
"C:/Facultate/Licenta/Content/Inamici/Mutant/Asset-uri/Mutant_normal.uexp" 684
"C:/Facultate/Licenta/Content/Inamici/Mutant/Asset-uri/Mutant_diffuse.ubulk" 685
"C:/Facultate/Licenta/Content/Inamici/Mutant/Asset-uri/Mutant_diffuse.uasset" 686
"C:/Facultate/Licenta/Content/Inamici/Mutant/Asset-uri/Mutant_diffuse.uexp" 687
"C:/Facultate/Licenta/Content/Inamici/Mutant/Asset-uri/mutant_M.uasset" 688
"C:/Facultate/Licenta/Content/Inamici/Mutant/Asset-uri/mutant_M.uexp" 689
"C:/Facultate/Licenta/Content/Inamici/Mutant/Asset-uri/mutant_PhysicsAsset.uasset" 690
"C:/Facultate/Licenta/Content/Inamici/Mutant/Asset-uri/mutant_PhysicsAsset.uexp" 691
"C:/Facultate/Licenta/Content/Inamici/Mutant/Asset-uri/mutant.uasset" 692
"C:/Facultate/Licenta/Content/Inamici/Mutant/Asset-uri/mutant.uexp" 693
"C:/Facultate/Licenta/Content/Inamici/Mutant/Mutant_BPI.uasset" 694
"C:/Facultate/Licenta/Content/Inamici/Mutant/Mutant_BPI.uexp" 695
"C:/Facultate/Licenta/Content/Caracter/Animatii/sword_and_shield_block_idle.uasset" 696
"C:/Facultate/Licenta/Content/Caracter/Animatii/sword_and_shield_block_idle.uexp" 697
"C:/Facultate/Licenta/Content/Caracter/Animatii/sword_and_shield_block_Montage.uasset" 698
"C:/Facultate/Licenta/Content/Caracter/Animatii/sword_and_shield_block_Montage.uexp" 699
"C:/Facultate/Licenta/Content/Caracter/Animatii/Fall_A_Loop.uasset" 700
"C:/Facultate/Licenta/Content/Caracter/Animatii/Fall_A_Loop.uexp" 701
"C:/Facultate/Licenta/Content/Caracter/Animatii/sword_and_shield_idle__4_.uasset" 702
"C:/Facultate/Licenta/Content/Caracter/Animatii/sword_and_shield_idle__4_.uexp" 703
"C:/Facultate/Licenta/Content/Caracter/Animatii/Fall_A_Land_To_Run_Forward.uasset" 704
"C:/Facultate/Licenta/Content/Caracter/Animatii/Fall_A_Land_To_Run_Forward.uexp" 705
"C:/Facultate/Licenta/Content/Caracter/Animatii/sword_and_shield_run.uasset" 706
"C:/Facultate/Licenta/Content/Caracter/Animatii/sword_and_shield_run.uexp" 707
"C:/Facultate/Licenta/Content/Caracter/Animatii/Sword_And_Shield_Jump.uasset" 708
"C:/Facultate/Licenta/Content/Caracter/Animatii/Sword_And_Shield_Jump.uexp" 709
"C:/Facultate/Licenta/Content/Caracter/Animatii/sword_and_shield_walk_mixamo_com.uasset" 710
"C:/Facultate/Licenta/Content/Caracter/Animatii/sword_and_shield_walk_mixamo_com.uexp" 711
"C:/Facultate/Licenta/Content/Caracter/Animatii/Falling_To_Landing.uasset" 712
"C:/Facultate/Licenta/Content/Caracter/Animatii/Falling_To_Landing.uexp" 713
"C:/Facultate/Licenta/Content/Caracter/Paladin_BPI.uasset" 714
"C:/Facultate/Licenta/Content/Caracter/Paladin_BPI.uexp" 715
"C:/Facultate/Licenta/Content/Caracter/Animatii/sword_and_shield_jump__2_.uasset" 716
"C:/Facultate/Licenta/Content/Caracter/Animatii/sword_and_shield_jump__2_.uexp" 717
"C:/Facultate/Licenta/Content/Caracter/Animatii/Paladin_ABP.uasset" 718
"C:/Facultate/Licenta/Content/Caracter/Animatii/Paladin_ABP.uexp" 719
"C:/Facultate/Licenta/Content/Caracter/Asset-uri/Paladin_specular.ubulk" 720
"C:/Facultate/Licenta/Content/Caracter/Asset-uri/Paladin_specular.uasset" 721
"C:/Facultate/Licenta/Content/Caracter/Asset-uri/Paladin_specular.uexp" 722
"C:/Facultate/Licenta/Content/Caracter/Asset-uri/Paladin_diffuse.ubulk" 723
"C:/Facultate/Licenta/Content/Caracter/Asset-uri/Paladin_diffuse.uasset" 724
"C:/Facultate/Licenta/Content/Caracter/Asset-uri/Paladin_diffuse.uexp" 725
"C:/Facultate/Licenta/Content/Caracter/Asset-uri/Paladin_normal.ubulk" 726
"C:/Facultate/Licenta/Content/Caracter/Asset-uri/Paladin_normal.uasset" 727
"C:/Facultate/Licenta/Content/Caracter/Asset-uri/Paladin_normal.uexp" 728
"C:/Facultate/Licenta/Content/Caracter/Asset-uri/Paladin_MAT.uasset" 729
"C:/Facultate/Licenta/Content/Caracter/Asset-uri/Paladin_MAT.uexp" 730
"C:/Facultate/Licenta/Content/Caracter/Asset-uri/paladin_prop_j_nordstrom_PhysicsAsset.uasset" 731
"C:/Facultate/Licenta/Content/Caracter/Asset-uri/paladin_prop_j_nordstrom_PhysicsAsset.uexp" 732
"C:/Facultate/Licenta/Content/Caracter/Asset-uri/paladin_prop_j_nordstrom.uasset" 733
"C:/Facultate/Licenta/Content/Caracter/Asset-uri/paladin_prop_j_nordstrom.uexp" 734
"C:/Facultate/Licenta/Content/Inamici/Zombie/Zombie_Health.uasset" 735
"C:/Facultate/Licenta/Content/Inamici/Zombie/Zombie_Health.uexp" 736
"C:/Facultate/Licenta/Content/Inamici/Zombie/Zombie_BPI.uasset" 737
"C:/Facultate/Licenta/Content/Inamici/Zombie/Zombie_BPI.uexp" 738
"C:/Facultate/Licenta/Content/Inamici/Zombie/Animatii/zombie_idle.uasset" 739
"C:/Facultate/Licenta/Content/Inamici/Zombie/Animatii/zombie_idle.uexp" 740
"C:/Facultate/Licenta/Content/Inamici/Zombie/Animatii/Zombie_ABP.uasset" 741
"C:/Facultate/Licenta/Content/Inamici/Zombie/Animatii/Zombie_ABP.uexp" 742
"C:/Facultate/Licenta/Content/Inamici/Zombie/Animatii/zombie_attack.uasset" 743
"C:/Facultate/Licenta/Content/Inamici/Zombie/Animatii/zombie_attack.uexp" 744
"C:/Facultate/Licenta/Content/Inamici/Zombie/Animatii/Zombie_Attack_Montage.uasset" 745
"C:/Facultate/Licenta/Content/Inamici/Zombie/Animatii/Zombie_Attack_Montage.uexp" 746
"C:/Facultate/Licenta/Content/Inamici/Zombie/Animatii/zombie_dying.uasset" 747
"C:/Facultate/Licenta/Content/Inamici/Zombie/Animatii/zombie_dying.uexp" 748
"C:/Facultate/Licenta/Content/Inamici/Zombie/Animatii/zombie_dying_Montage.uasset" 749
"C:/Facultate/Licenta/Content/Inamici/Zombie/Animatii/zombie_dying_Montage.uexp" 750
"C:/Facultate/Licenta/Content/Inamici/Zombie/Asset-uri/Zombie_normal.ubulk" 751
"C:/Facultate/Licenta/Content/Inamici/Zombie/Asset-uri/Zombie_normal.uasset" 752
"C:/Facultate/Licenta/Content/Inamici/Zombie/Asset-uri/Zombie_normal.uexp" 753
"C:/Facultate/Licenta/Content/Inamici/Zombie/Asset-uri/Zombie_diffuse.ubulk" 754
"C:/Facultate/Licenta/Content/Inamici/Zombie/Asset-uri/Zombie_diffuse.uasset" 755
"C:/Facultate/Licenta/Content/Inamici/Zombie/Asset-uri/Zombie_diffuse.uexp" 756
"C:/Facultate/Licenta/Content/Inamici/Zombie/Asset-uri/Zombie_specular.ubulk" 757
"C:/Facultate/Licenta/Content/Inamici/Zombie/Asset-uri/Zombie_specular.uasset" 758
"C:/Facultate/Licenta/Content/Inamici/Zombie/Asset-uri/Zombie_specular.uexp" 759
"C:/Facultate/Licenta/Content/Inamici/Zombie/Asset-uri/Zombie_COL.uasset" 760
"C:/Facultate/Licenta/Content/Inamici/Zombie/Asset-uri/Zombie_COL.uexp" 761
"C:/Facultate/Licenta/Content/Inamici/Zombie/Asset-uri/zombie_PhysicsAsset.uasset" 762
"C:/Facultate/Licenta/Content/Inamici/Zombie/Asset-uri/zombie_PhysicsAsset.uexp" 763
"C:/Facultate/Licenta/Content/Inamici/Zombie/Asset-uri/zombie.uasset" 764
"C:/Facultate/Licenta/Content/Inamici/Zombie/Asset-uri/zombie.uexp" 765
"C:/Facultate/Licenta/Content/Inamici/Zombie_BP.uasset" 766
"C:/Facultate/Licenta/Content/Inamici/Zombie_BP.uexp" 767
"C:/Facultate/Licenta/Content/Caracter/Animatii/sword_and_shield_slash__3_.uasset" 768
"C:/Facultate/Licenta/Content/Caracter/Animatii/sword_and_shield_slash__3_.uexp" 769
"C:/Facultate/Licenta/Content/Caracter/Animatii/sword_and_shield_Montage_Attack2.uasset" 770
"C:/Facultate/Licenta/Content/Caracter/Animatii/sword_and_shield_Montage_Attack2.uexp" 771
"C:/Facultate/Licenta/Content/Caracter/Animatii/sword_and_shield_slash__4_.uasset" 772
"C:/Facultate/Licenta/Content/Caracter/Animatii/sword_and_shield_slash__4_.uexp" 773
"C:/Facultate/Licenta/Content/Caracter/Animatii/sword_and_shield_Montage_Attack3.uasset" 774
"C:/Facultate/Licenta/Content/Caracter/Animatii/sword_and_shield_Montage_Attack3.uexp" 775
"C:/Facultate/Licenta/Content/Caracter/Animatii/sword_and_shield_death.uasset" 776
"C:/Facultate/Licenta/Content/Caracter/Animatii/sword_and_shield_death.uexp" 777
"C:/Facultate/Licenta/Content/Caracter/Animatii/sword_and_shield_death_Montage.uasset" 778
"C:/Facultate/Licenta/Content/Caracter/Animatii/sword_and_shield_death_Montage.uexp" 779
"C:/Facultate/Licenta/Content/Caracter/WIdget/YouDied.uasset" 780
"C:/Facultate/Licenta/Content/Caracter/WIdget/YouDied.uexp" 781
"C:/Facultate/Licenta/Content/Caracter/WIdget/Health_Stamina.uasset" 782
"C:/Facultate/Licenta/Content/Caracter/WIdget/Health_Stamina.uexp" 783
"C:/Facultate/Licenta/Content/Caracter/Animatii/sword_and_shield_slash.uasset" 784
"C:/Facultate/Licenta/Content/Caracter/Animatii/sword_and_shield_slash.uexp" 785
"C:/Facultate/Licenta/Content/Caracter/Animatii/sword_and_shield_Montage_Attack1.uasset" 786
"C:/Facultate/Licenta/Content/Caracter/Animatii/sword_and_shield_Montage_Attack1.uexp" 787
"C:/Facultate/Licenta/Content/Caracter/Paladin_BP.uasset" 788
"C:/Facultate/Licenta/Content/Caracter/Paladin_BP.uexp" 789
"C:/Facultate/Licenta/Content/Caracter/WIdget/YouWin.uasset" 790
"C:/Facultate/Licenta/Content/Caracter/WIdget/YouWin.uexp" 791
"C:/Facultate/Licenta/Content/Inamici/Mutant/Animatii/mutant_breathing_idle.uasset" 792
"C:/Facultate/Licenta/Content/Inamici/Mutant/Animatii/mutant_breathing_idle.uexp" 793
"C:/Facultate/Licenta/Content/Inamici/Mutant/Animatii/mutant_swiping.uasset" 794
"C:/Facultate/Licenta/Content/Inamici/Mutant/Animatii/mutant_swiping.uexp" 795
"C:/Facultate/Licenta/Content/Inamici/Mutant/Animatii/Mutant_Attack1_Montage.uasset" 796
"C:/Facultate/Licenta/Content/Inamici/Mutant/Animatii/Mutant_Attack1_Montage.uexp" 797
"C:/Facultate/Licenta/Content/Inamici/Mutant/Animatii/Mutant_Run.uasset" 798
"C:/Facultate/Licenta/Content/Inamici/Mutant/Animatii/Mutant_Run.uexp" 799
"C:/Facultate/Licenta/Content/Inamici/Mutant/Animatii/Mutant_ABP.uasset" 800
"C:/Facultate/Licenta/Content/Inamici/Mutant/Animatii/Mutant_ABP.uexp" 801
"C:/Facultate/Licenta/Content/Inamici/Mutant_BP.uasset" 802
"C:/Facultate/Licenta/Content/Inamici/Mutant_BP.uexp" 803
"C:/Facultate/Licenta/Content/Caracter/HealthPack/Material.uasset" 804
"C:/Facultate/Licenta/Content/Caracter/HealthPack/Material.uexp" 805
"C:/Facultate/Licenta/Content/Caracter/HealthPack/Rosu.uasset" 806
"C:/Facultate/Licenta/Content/Caracter/HealthPack/Rosu.uexp" 807
"C:/Facultate/Licenta/Content/Caracter/HealthPack/Healthpack.uasset" 808
"C:/Facultate/Licenta/Content/Caracter/HealthPack/Healthpack.uexp" 809
"C:/Facultate/Licenta/Content/Caracter/HealthPack/HealthPack_BP.uasset" 810
"C:/Facultate/Licenta/Content/Caracter/HealthPack/HealthPack_BP.uexp" 811
"C:/Facultate/Licenta/Content/Insule/Pod2/suporti_pod.uasset" 812
"C:/Facultate/Licenta/Content/Insule/Pod2/suporti_pod.uexp" 813
"C:/Facultate/Licenta/Content/Insule/Pod2/Suport_pod.uasset" 814
"C:/Facultate/Licenta/Content/Insule/Pod2/Suport_pod.uexp" 815
"C:/Facultate/Licenta/Content/Insule/Pod2/pod.uasset" 816
"C:/Facultate/Licenta/Content/Insule/Pod2/pod.uexp" 817
"C:/Facultate/Licenta/Content/Insule/Pod2/Pod_piatra.uasset" 818
"C:/Facultate/Licenta/Content/Insule/Pod2/Pod_piatra.uexp" 819
"C:/Facultate/Licenta/Content/Insule/Pod2/lemn.uasset" 820
"C:/Facultate/Licenta/Content/Insule/Pod2/lemn.uexp" 821
"C:/Facultate/Licenta/Content/Insule/Pod2/Material.uasset" 822
"C:/Facultate/Licenta/Content/Insule/Pod2/Material.uexp" 823
"C:/Facultate/Licenta/Content/Insule/Pod2/Pod2.uasset" 824
"C:/Facultate/Licenta/Content/Insule/Pod2/Pod2.uexp" 825
"C:/Facultate/Licenta/Content/Insule/Pod/lemn.uasset" 826
"C:/Facultate/Licenta/Content/Insule/Pod/lemn.uexp" 827
"C:/Facultate/Licenta/Content/Insule/Pod/Material.uasset" 828
"C:/Facultate/Licenta/Content/Insule/Pod/Material.uexp" 829
"C:/Facultate/Licenta/Content/Insule/Pod/pod1.uasset" 830
"C:/Facultate/Licenta/Content/Insule/Pod/pod1.uexp" 831
"C:/Facultate/Licenta/Content/Insule/Pod/Pod_piatra.uasset" 832
"C:/Facultate/Licenta/Content/Insule/Pod/Pod_piatra.uexp" 833
"C:/Facultate/Licenta/Content/Insule/Pod/suporti_pod.uasset" 834
"C:/Facultate/Licenta/Content/Insule/Pod/suporti_pod.uexp" 835
"C:/Facultate/Licenta/Content/Insule/Pod/Suport_pod.uasset" 836
"C:/Facultate/Licenta/Content/Insule/Pod/Suport_pod.uexp" 837
"C:/Facultate/Licenta/Content/Insule/Pod/Pod.uasset" 838
"C:/Facultate/Licenta/Content/Insule/Pod/Pod.uexp" 839
"C:/Facultate/Licenta/Content/Insule/Insula1/lemn_ncl1_1.uasset" 840
"C:/Facultate/Licenta/Content/Insule/Insula1/lemn_ncl1_1.uexp" 841
"C:/Facultate/Licenta/Content/Insule/Insula1/Lemn.uasset" 842
"C:/Facultate/Licenta/Content/Insule/Insula1/Lemn.uexp" 843
"C:/Facultate/Licenta/Content/Insule/Insula1/apa_ncl1_1.uasset" 844
"C:/Facultate/Licenta/Content/Insule/Insula1/apa_ncl1_1.uexp" 845
"C:/Facultate/Licenta/Content/Insule/Insula1/Apa.uasset" 846
"C:/Facultate/Licenta/Content/Insule/Insula1/Apa.uexp" 847
"C:/Facultate/Licenta/Content/Insule/Insula1/grass.uasset" 848
"C:/Facultate/Licenta/Content/Insule/Insula1/grass.uexp" 849
"C:/Facultate/Licenta/Content/Insule/Insula1/Iarba.uasset" 850
"C:/Facultate/Licenta/Content/Insule/Insula1/Iarba.uexp" 851
"C:/Facultate/Licenta/Content/Insule/Insula1/rock.uasset" 852
"C:/Facultate/Licenta/Content/Insule/Insula1/rock.uexp" 853
"C:/Facultate/Licenta/Content/Insule/Insula1/Piatra.uasset" 854
"C:/Facultate/Licenta/Content/Insule/Insula1/Piatra.uexp" 855
"C:/Facultate/Licenta/Content/Insule/Insula1/pod_lemn.uasset" 856
"C:/Facultate/Licenta/Content/Insule/Insula1/pod_lemn.uexp" 857
"C:/Facultate/Licenta/Content/Insule/Insula1/Suprafata_pod.uasset" 858
"C:/Facultate/Licenta/Content/Insule/Insula1/Suprafata_pod.uexp" 859
"C:/Facultate/Licenta/Content/Insule/Insula1/insula1.uasset" 860
"C:/Facultate/Licenta/Content/Insule/Insula1/insula1.uexp" 861
"C:/Facultate/Licenta/Content/Insule/Insula2/grass.uasset" 862
"C:/Facultate/Licenta/Content/Insule/Insula2/grass.uexp" 863
"C:/Facultate/Licenta/Content/Insule/Insula2/Iarba.uasset" 864
"C:/Facultate/Licenta/Content/Insule/Insula2/Iarba.uexp" 865
"C:/Facultate/Licenta/Content/Insule/Insula2/rock.uasset" 866
"C:/Facultate/Licenta/Content/Insule/Insula2/rock.uexp" 867
"C:/Facultate/Licenta/Content/Insule/Insula2/Piatra.uasset" 868
"C:/Facultate/Licenta/Content/Insule/Insula2/Piatra.uexp" 869
"C:/Facultate/Licenta/Content/Insule/Insula2/apa_ncl1_1.uasset" 870
"C:/Facultate/Licenta/Content/Insule/Insula2/apa_ncl1_1.uexp" 871
"C:/Facultate/Licenta/Content/Insule/Insula2/Apa.uasset" 872
"C:/Facultate/Licenta/Content/Insule/Insula2/Apa.uexp" 873
"C:/Facultate/Licenta/Content/Insule/Insula2/insula2.uasset" 874
"C:/Facultate/Licenta/Content/Insule/Insula2/insula2.uexp" 875
"C:/Facultate/Licenta/Content/Insule/Insula5/rock.uasset" 876
"C:/Facultate/Licenta/Content/Insule/Insula5/rock.uexp" 877
"C:/Facultate/Licenta/Content/Insule/Insula5/Piatra.uasset" 878
"C:/Facultate/Licenta/Content/Insule/Insula5/Piatra.uexp" 879
"C:/Facultate/Licenta/Content/Insule/Insula5/grass.uasset" 880
"C:/Facultate/Licenta/Content/Insule/Insula5/grass.uexp" 881
"C:/Facultate/Licenta/Content/Insule/Insula5/Iarba.uasset" 882
"C:/Facultate/Licenta/Content/Insule/Insula5/Iarba.uexp" 883
"C:/Facultate/Licenta/Content/Insule/Insula5/insula5.uasset" 884
"C:/Facultate/Licenta/Content/Insule/Insula5/insula5.uexp" 885
"C:/Facultate/Licenta/Content/Licenta.uexp" 886
"C:/Facultate/Licenta/Content/Licenta.umap" 887
"../../../Engine/Content/Maps/Entry_BuiltData.uasset" 888
"../../../Engine/Content/Maps/Entry_BuiltData.uexp" 889
"../../../Engine/Content/Maps/Entry.uexp" 890
"../../../Engine/Content/Maps/Entry.umap" 891
